<?xml version="1.0" encoding="UTF-8"?>
<testng-results ignored="0" total="14" passed="14" failed="0" skipped="0">
  <reporter-output>
    <line>
      <![CDATA[method nameget_cap]]>
    </line>
    <line>
      <![CDATA[method status1]]>
    </line>
    <line>
      <![CDATA[method namelogout]]>
    </line>
    <line>
      <![CDATA[method status1]]>
    </line>
    <line>
      <![CDATA[method nameget_cap]]>
    </line>
    <line>
      <![CDATA[method status1]]>
    </line>
    <line>
      <![CDATA[method namelogout]]>
    </line>
    <line>
      <![CDATA[method status1]]>
    </line>
    <line>
      <![CDATA[method nameget_cap]]>
    </line>
    <line>
      <![CDATA[method status1]]>
    </line>
    <line>
      <![CDATA[method namelogout]]>
    </line>
    <line>
      <![CDATA[method status1]]>
    </line>
    <line>
      <![CDATA[method nameget_cap]]>
    </line>
    <line>
      <![CDATA[method status1]]>
    </line>
    <line>
      <![CDATA[method namelogout]]>
    </line>
    <line>
      <![CDATA[method status1]]>
    </line>
    <line>
      <![CDATA[method nameget_cap]]>
    </line>
    <line>
      <![CDATA[method status1]]>
    </line>
    <line>
      <![CDATA[method namelogout]]>
    </line>
    <line>
      <![CDATA[method status1]]>
    </line>
    <line>
      <![CDATA[method nameget_cap]]>
    </line>
    <line>
      <![CDATA[method status1]]>
    </line>
    <line>
      <![CDATA[method namelogout]]>
    </line>
    <line>
      <![CDATA[method status1]]>
    </line>
    <line>
      <![CDATA[method nameget_cap]]>
    </line>
    <line>
      <![CDATA[method status1]]>
    </line>
    <line>
      <![CDATA[method namelogout]]>
    </line>
    <line>
      <![CDATA[method status1]]>
    </line>
  </reporter-output>
  <suite started-at="2024-05-15T19:17:07 IST" name="Suite" finished-at="2024-05-15T19:22:25 IST" duration-ms="318117">
    <groups>
    </groups>
    <test started-at="2024-05-15T19:17:07 IST" name="Test" finished-at="2024-05-15T19:22:25 IST" duration-ms="318117">
      <class name="TS_003_LOGOUT_FUNCTIONALITY.TS_003_LO_TC_004_login_immeditely_after_logout">
        <test-method is-config="true" signature="setup()[pri:0, instance:TS_003_LOGOUT_FUNCTIONALITY.TS_003_LO_TC_004_login_immeditely_after_logout@3098cf3b]" started-at="2024-05-15T19:20:05 IST" name="setup" finished-at="2024-05-15T19:21:24 IST" duration-ms="79762" status="PASS">
          <reporter-output>
          </reporter-output>
        </test-method> <!-- setup -->
        <test-method signature="get_cap()[pri:0, instance:TS_003_LOGOUT_FUNCTIONALITY.TS_003_LO_TC_004_login_immeditely_after_logout@3098cf3b]" started-at="2024-05-15T19:21:25 IST" name="get_cap" finished-at="2024-05-15T19:21:26 IST" duration-ms="1013" status="PASS">
          <reporter-output>
            <line>
              <![CDATA[method nameget_cap]]>
            </line>
            <line>
              <![CDATA[method status1]]>
            </line>
          </reporter-output>
        </test-method> <!-- get_cap -->
        <test-method is-config="true" signature="teardown()[pri:0, instance:TS_003_LOGOUT_FUNCTIONALITY.TS_003_LO_TC_004_login_immeditely_after_logout@3098cf3b]" started-at="2024-05-15T19:21:26 IST" name="teardown" finished-at="2024-05-15T19:21:26 IST" duration-ms="35" status="PASS">
          <reporter-output>
          </reporter-output>
        </test-method> <!-- teardown -->
        <test-method is-config="true" signature="setup()[pri:0, instance:TS_003_LOGOUT_FUNCTIONALITY.TS_003_LO_TC_004_login_immeditely_after_logout@3098cf3b]" started-at="2024-05-15T19:21:26 IST" name="setup" finished-at="2024-05-15T19:22:20 IST" duration-ms="54147" status="PASS">
          <reporter-output>
          </reporter-output>
        </test-method> <!-- setup -->
        <test-method signature="logout()[pri:0, instance:TS_003_LOGOUT_FUNCTIONALITY.TS_003_LO_TC_004_login_immeditely_after_logout@3098cf3b]" started-at="2024-05-15T19:22:20 IST" name="logout" finished-at="2024-05-15T19:22:24 IST" duration-ms="4205" status="PASS">
          <reporter-output>
            <line>
              <![CDATA[method namelogout]]>
            </line>
            <line>
              <![CDATA[method status1]]>
            </line>
          </reporter-output>
        </test-method> <!-- logout -->
        <test-method is-config="true" signature="teardown()[pri:0, instance:TS_003_LOGOUT_FUNCTIONALITY.TS_003_LO_TC_004_login_immeditely_after_logout@3098cf3b]" started-at="2024-05-15T19:22:24 IST" name="teardown" finished-at="2024-05-15T19:22:25 IST" duration-ms="276" status="PASS">
          <reporter-output>
          </reporter-output>
        </test-method> <!-- teardown -->
      </class> <!-- TS_003_LOGOUT_FUNCTIONALITY.TS_003_LO_TC_004_login_immeditely_after_logout -->
      <class name="TS_003_LOGOUT_FUNCTIONALITY.TS_003_LO_TC_006_login_page_ui">
        <test-method is-config="true" signature="setup()[pri:0, instance:TS_003_LOGOUT_FUNCTIONALITY.TS_003_LO_TC_006_login_page_ui@2f465398]" started-at="2024-05-15T19:17:22 IST" name="setup" finished-at="2024-05-15T19:17:31 IST" duration-ms="8829" status="PASS">
          <reporter-output>
          </reporter-output>
        </test-method> <!-- setup -->
        <test-method signature="get_cap()[pri:0, instance:TS_003_LOGOUT_FUNCTIONALITY.TS_003_LO_TC_006_login_page_ui@2f465398]" started-at="2024-05-15T19:17:31 IST" name="get_cap" finished-at="2024-05-15T19:17:31 IST" duration-ms="14" status="PASS">
          <reporter-output>
            <line>
              <![CDATA[method nameget_cap]]>
            </line>
            <line>
              <![CDATA[method status1]]>
            </line>
          </reporter-output>
        </test-method> <!-- get_cap -->
        <test-method is-config="true" signature="teardown()[pri:0, instance:TS_003_LOGOUT_FUNCTIONALITY.TS_003_LO_TC_006_login_page_ui@2f465398]" started-at="2024-05-15T19:17:31 IST" name="teardown" finished-at="2024-05-15T19:17:31 IST" duration-ms="0" status="PASS">
          <reporter-output>
          </reporter-output>
        </test-method> <!-- teardown -->
        <test-method is-config="true" signature="setup()[pri:0, instance:TS_003_LOGOUT_FUNCTIONALITY.TS_003_LO_TC_006_login_page_ui@2f465398]" started-at="2024-05-15T19:17:31 IST" name="setup" finished-at="2024-05-15T19:17:40 IST" duration-ms="9563" status="PASS">
          <reporter-output>
          </reporter-output>
        </test-method> <!-- setup -->
        <test-method signature="logout()[pri:0, instance:TS_003_LOGOUT_FUNCTIONALITY.TS_003_LO_TC_006_login_page_ui@2f465398]" started-at="2024-05-15T19:17:40 IST" name="logout" finished-at="2024-05-15T19:17:40 IST" duration-ms="4" status="PASS">
          <reporter-output>
            <line>
              <![CDATA[method namelogout]]>
            </line>
            <line>
              <![CDATA[method status1]]>
            </line>
          </reporter-output>
        </test-method> <!-- logout -->
        <test-method is-config="true" signature="teardown()[pri:0, instance:TS_003_LOGOUT_FUNCTIONALITY.TS_003_LO_TC_006_login_page_ui@2f465398]" started-at="2024-05-15T19:17:40 IST" name="teardown" finished-at="2024-05-15T19:17:40 IST" duration-ms="0" status="PASS">
          <reporter-output>
          </reporter-output>
        </test-method> <!-- teardown -->
      </class> <!-- TS_003_LOGOUT_FUNCTIONALITY.TS_003_LO_TC_006_login_page_ui -->
      <class name="TS_003_LOGOUT_FUNCTIONALITY.TS_003_LO_TC_001_LOGOUT">
        <test-method is-config="true" signature="setup()[pri:0, instance:TS_003_LOGOUT_FUNCTIONALITY.TS_003_LO_TC_001_LOGOUT@175b9425]" started-at="2024-05-15T19:18:53 IST" name="setup" finished-at="2024-05-15T19:19:38 IST" duration-ms="45461" status="PASS">
          <reporter-output>
          </reporter-output>
        </test-method> <!-- setup -->
        <test-method signature="get_cap()[pri:0, instance:TS_003_LOGOUT_FUNCTIONALITY.TS_003_LO_TC_001_LOGOUT@175b9425]" started-at="2024-05-15T19:19:38 IST" name="get_cap" finished-at="2024-05-15T19:19:40 IST" duration-ms="1430" status="PASS">
          <reporter-output>
            <line>
              <![CDATA[method nameget_cap]]>
            </line>
            <line>
              <![CDATA[method status1]]>
            </line>
          </reporter-output>
        </test-method> <!-- get_cap -->
        <test-method is-config="true" signature="teardown()[pri:0, instance:TS_003_LOGOUT_FUNCTIONALITY.TS_003_LO_TC_001_LOGOUT@175b9425]" started-at="2024-05-15T19:19:40 IST" name="teardown" finished-at="2024-05-15T19:19:40 IST" duration-ms="3" status="PASS">
          <reporter-output>
          </reporter-output>
        </test-method> <!-- teardown -->
        <test-method is-config="true" signature="setup()[pri:0, instance:TS_003_LOGOUT_FUNCTIONALITY.TS_003_LO_TC_001_LOGOUT@175b9425]" started-at="2024-05-15T19:19:40 IST" name="setup" finished-at="2024-05-15T19:20:04 IST" duration-ms="24643" status="PASS">
          <reporter-output>
          </reporter-output>
        </test-method> <!-- setup -->
        <test-method signature="logout()[pri:0, instance:TS_003_LOGOUT_FUNCTIONALITY.TS_003_LO_TC_001_LOGOUT@175b9425]" started-at="2024-05-15T19:20:04 IST" name="logout" finished-at="2024-05-15T19:20:05 IST" duration-ms="112" status="PASS">
          <reporter-output>
            <line>
              <![CDATA[method namelogout]]>
            </line>
            <line>
              <![CDATA[method status1]]>
            </line>
          </reporter-output>
        </test-method> <!-- logout -->
        <test-method is-config="true" signature="teardown()[pri:0, instance:TS_003_LOGOUT_FUNCTIONALITY.TS_003_LO_TC_001_LOGOUT@175b9425]" started-at="2024-05-15T19:20:05 IST" name="teardown" finished-at="2024-05-15T19:20:05 IST" duration-ms="1" status="PASS">
          <reporter-output>
          </reporter-output>
        </test-method> <!-- teardown -->
      </class> <!-- TS_003_LOGOUT_FUNCTIONALITY.TS_003_LO_TC_001_LOGOUT -->
      <class name="TS_003_LOGOUT_FUNCTIONALITY.TS_003_LO_TC_002_back_after_LOGOUT2">
        <test-method is-config="true" signature="setup()[pri:0, instance:TS_003_LOGOUT_FUNCTIONALITY.TS_003_LO_TC_002_back_after_LOGOUT2@548e6d58]" started-at="2024-05-15T19:17:40 IST" name="setup" finished-at="2024-05-15T19:17:48 IST" duration-ms="7754" status="PASS">
          <reporter-output>
          </reporter-output>
        </test-method> <!-- setup -->
        <test-method signature="get_cap()[pri:0, instance:TS_003_LOGOUT_FUNCTIONALITY.TS_003_LO_TC_002_back_after_LOGOUT2@548e6d58]" started-at="2024-05-15T19:17:48 IST" name="get_cap" finished-at="2024-05-15T19:17:48 IST" duration-ms="6" status="PASS">
          <reporter-output>
            <line>
              <![CDATA[method nameget_cap]]>
            </line>
            <line>
              <![CDATA[method status1]]>
            </line>
          </reporter-output>
        </test-method> <!-- get_cap -->
        <test-method is-config="true" signature="setup()[pri:0, instance:TS_003_LOGOUT_FUNCTIONALITY.TS_003_LO_TC_002_back_after_LOGOUT2@548e6d58]" started-at="2024-05-15T19:17:48 IST" name="setup" finished-at="2024-05-15T19:17:57 IST" duration-ms="9154" status="PASS">
          <reporter-output>
          </reporter-output>
        </test-method> <!-- setup -->
        <test-method is-config="true" signature="teardown()[pri:0, instance:TS_003_LOGOUT_FUNCTIONALITY.TS_003_LO_TC_002_back_after_LOGOUT2@548e6d58]" started-at="2024-05-15T19:17:48 IST" name="teardown" finished-at="2024-05-15T19:17:48 IST" duration-ms="0" status="PASS">
          <reporter-output>
          </reporter-output>
        </test-method> <!-- teardown -->
        <test-method signature="logout()[pri:0, instance:TS_003_LOGOUT_FUNCTIONALITY.TS_003_LO_TC_002_back_after_LOGOUT2@548e6d58]" started-at="2024-05-15T19:17:57 IST" name="logout" finished-at="2024-05-15T19:17:57 IST" duration-ms="24" status="PASS">
          <reporter-output>
            <line>
              <![CDATA[method namelogout]]>
            </line>
            <line>
              <![CDATA[method status1]]>
            </line>
          </reporter-output>
        </test-method> <!-- logout -->
        <test-method is-config="true" signature="teardown()[pri:0, instance:TS_003_LOGOUT_FUNCTIONALITY.TS_003_LO_TC_002_back_after_LOGOUT2@548e6d58]" started-at="2024-05-15T19:17:57 IST" name="teardown" finished-at="2024-05-15T19:17:57 IST" duration-ms="0" status="PASS">
          <reporter-output>
          </reporter-output>
        </test-method> <!-- teardown -->
      </class> <!-- TS_003_LOGOUT_FUNCTIONALITY.TS_003_LO_TC_002_back_after_LOGOUT2 -->
      <class name="TS_003_LOGOUT_FUNCTIONALITY.TS_003_LO_TC_007_login_page_supported_env">
        <test-method is-config="true" signature="setup()[pri:0, instance:TS_003_LOGOUT_FUNCTIONALITY.TS_003_LO_TC_007_login_page_supported_env@a1cdc6d]" started-at="2024-05-15T19:18:20 IST" name="setup" finished-at="2024-05-15T19:18:37 IST" duration-ms="17121" status="PASS">
          <reporter-output>
          </reporter-output>
        </test-method> <!-- setup -->
        <test-method signature="get_cap()[pri:0, instance:TS_003_LOGOUT_FUNCTIONALITY.TS_003_LO_TC_007_login_page_supported_env@a1cdc6d]" started-at="2024-05-15T19:18:37 IST" name="get_cap" finished-at="2024-05-15T19:18:37 IST" duration-ms="7" status="PASS">
          <reporter-output>
            <line>
              <![CDATA[method nameget_cap]]>
            </line>
            <line>
              <![CDATA[method status1]]>
            </line>
          </reporter-output>
        </test-method> <!-- get_cap -->
        <test-method is-config="true" signature="teardown()[pri:0, instance:TS_003_LOGOUT_FUNCTIONALITY.TS_003_LO_TC_007_login_page_supported_env@a1cdc6d]" started-at="2024-05-15T19:18:37 IST" name="teardown" finished-at="2024-05-15T19:18:37 IST" duration-ms="2" status="PASS">
          <reporter-output>
          </reporter-output>
        </test-method> <!-- teardown -->
        <test-method is-config="true" signature="setup()[pri:0, instance:TS_003_LOGOUT_FUNCTIONALITY.TS_003_LO_TC_007_login_page_supported_env@a1cdc6d]" started-at="2024-05-15T19:18:37 IST" name="setup" finished-at="2024-05-15T19:18:52 IST" duration-ms="15156" status="PASS">
          <reporter-output>
          </reporter-output>
        </test-method> <!-- setup -->
        <test-method signature="logout()[pri:0, instance:TS_003_LOGOUT_FUNCTIONALITY.TS_003_LO_TC_007_login_page_supported_env@a1cdc6d]" started-at="2024-05-15T19:18:52 IST" name="logout" finished-at="2024-05-15T19:18:53 IST" duration-ms="344" status="PASS">
          <reporter-output>
            <line>
              <![CDATA[method namelogout]]>
            </line>
            <line>
              <![CDATA[method status1]]>
            </line>
          </reporter-output>
        </test-method> <!-- logout -->
        <test-method is-config="true" signature="teardown()[pri:0, instance:TS_003_LOGOUT_FUNCTIONALITY.TS_003_LO_TC_007_login_page_supported_env@a1cdc6d]" started-at="2024-05-15T19:18:53 IST" name="teardown" finished-at="2024-05-15T19:18:53 IST" duration-ms="2" status="PASS">
          <reporter-output>
          </reporter-output>
        </test-method> <!-- teardown -->
      </class> <!-- TS_003_LOGOUT_FUNCTIONALITY.TS_003_LO_TC_007_login_page_supported_env -->
      <class name="TS_003_LOGOUT_FUNCTIONALITY.TS_003_LO_TC_003_logout_option_displayed_after_logout_">
        <test-method is-config="true" signature="setup()[pri:0, instance:TS_003_LOGOUT_FUNCTIONALITY.TS_003_LO_TC_003_logout_option_displayed_after_logout_@623a8092]" started-at="2024-05-15T19:17:57 IST" name="setup" finished-at="2024-05-15T19:18:10 IST" duration-ms="12663" status="PASS">
          <reporter-output>
          </reporter-output>
        </test-method> <!-- setup -->
        <test-method signature="get_cap()[pri:0, instance:TS_003_LOGOUT_FUNCTIONALITY.TS_003_LO_TC_003_logout_option_displayed_after_logout_@623a8092]" started-at="2024-05-15T19:18:10 IST" name="get_cap" finished-at="2024-05-15T19:18:10 IST" duration-ms="6" status="PASS">
          <reporter-output>
            <line>
              <![CDATA[method nameget_cap]]>
            </line>
            <line>
              <![CDATA[method status1]]>
            </line>
          </reporter-output>
        </test-method> <!-- get_cap -->
        <test-method is-config="true" signature="teardown()[pri:0, instance:TS_003_LOGOUT_FUNCTIONALITY.TS_003_LO_TC_003_logout_option_displayed_after_logout_@623a8092]" started-at="2024-05-15T19:18:10 IST" name="teardown" finished-at="2024-05-15T19:18:10 IST" duration-ms="4" status="PASS">
          <reporter-output>
          </reporter-output>
        </test-method> <!-- teardown -->
        <test-method is-config="true" signature="setup()[pri:0, instance:TS_003_LOGOUT_FUNCTIONALITY.TS_003_LO_TC_003_logout_option_displayed_after_logout_@623a8092]" started-at="2024-05-15T19:18:10 IST" name="setup" finished-at="2024-05-15T19:18:20 IST" duration-ms="10005" status="PASS">
          <reporter-output>
          </reporter-output>
        </test-method> <!-- setup -->
        <test-method signature="logout()[pri:0, instance:TS_003_LOGOUT_FUNCTIONALITY.TS_003_LO_TC_003_logout_option_displayed_after_logout_@623a8092]" started-at="2024-05-15T19:18:20 IST" name="logout" finished-at="2024-05-15T19:18:20 IST" duration-ms="18" status="PASS">
          <reporter-output>
            <line>
              <![CDATA[method namelogout]]>
            </line>
            <line>
              <![CDATA[method status1]]>
            </line>
          </reporter-output>
        </test-method> <!-- logout -->
        <test-method is-config="true" signature="teardown()[pri:0, instance:TS_003_LOGOUT_FUNCTIONALITY.TS_003_LO_TC_003_logout_option_displayed_after_logout_@623a8092]" started-at="2024-05-15T19:18:20 IST" name="teardown" finished-at="2024-05-15T19:18:20 IST" duration-ms="0" status="PASS">
          <reporter-output>
          </reporter-output>
        </test-method> <!-- teardown -->
      </class> <!-- TS_003_LOGOUT_FUNCTIONALITY.TS_003_LO_TC_003_logout_option_displayed_after_logout_ -->
      <class name="TS_003_LOGOUT_FUNCTIONALITY.TS_003_LO_TC_005_login_page_url_title">
        <test-method is-config="true" signature="setup()[pri:0, instance:TS_003_LOGOUT_FUNCTIONALITY.TS_003_LO_TC_005_login_page_url_title@192c3f1e]" started-at="2024-05-15T19:17:07 IST" name="setup" finished-at="2024-05-15T19:17:15 IST" duration-ms="7994" status="PASS">
          <reporter-output>
          </reporter-output>
        </test-method> <!-- setup -->
        <test-method signature="get_cap()[pri:0, instance:TS_003_LOGOUT_FUNCTIONALITY.TS_003_LO_TC_005_login_page_url_title@192c3f1e]" started-at="2024-05-15T19:17:15 IST" name="get_cap" finished-at="2024-05-15T19:17:15 IST" duration-ms="22" status="PASS">
          <reporter-output>
            <line>
              <![CDATA[method nameget_cap]]>
            </line>
            <line>
              <![CDATA[method status1]]>
            </line>
          </reporter-output>
        </test-method> <!-- get_cap -->
        <test-method is-config="true" signature="teardown()[pri:0, instance:TS_003_LOGOUT_FUNCTIONALITY.TS_003_LO_TC_005_login_page_url_title@192c3f1e]" started-at="2024-05-15T19:17:15 IST" name="teardown" finished-at="2024-05-15T19:17:15 IST" duration-ms="2" status="PASS">
          <reporter-output>
          </reporter-output>
        </test-method> <!-- teardown -->
        <test-method is-config="true" signature="setup()[pri:0, instance:TS_003_LOGOUT_FUNCTIONALITY.TS_003_LO_TC_005_login_page_url_title@192c3f1e]" started-at="2024-05-15T19:17:15 IST" name="setup" finished-at="2024-05-15T19:17:22 IST" duration-ms="6701" status="PASS">
          <reporter-output>
          </reporter-output>
        </test-method> <!-- setup -->
        <test-method signature="logout()[pri:0, instance:TS_003_LOGOUT_FUNCTIONALITY.TS_003_LO_TC_005_login_page_url_title@192c3f1e]" started-at="2024-05-15T19:17:22 IST" name="logout" finished-at="2024-05-15T19:17:22 IST" duration-ms="4" status="PASS">
          <reporter-output>
            <line>
              <![CDATA[method namelogout]]>
            </line>
            <line>
              <![CDATA[method status1]]>
            </line>
          </reporter-output>
        </test-method> <!-- logout -->
        <test-method is-config="true" signature="teardown()[pri:0, instance:TS_003_LOGOUT_FUNCTIONALITY.TS_003_LO_TC_005_login_page_url_title@192c3f1e]" started-at="2024-05-15T19:17:22 IST" name="teardown" finished-at="2024-05-15T19:17:22 IST" duration-ms="0" status="PASS">
          <reporter-output>
          </reporter-output>
        </test-method> <!-- teardown -->
      </class> <!-- TS_003_LOGOUT_FUNCTIONALITY.TS_003_LO_TC_005_login_page_url_title -->
    </test> <!-- Test -->
  </suite> <!-- Suite -->
</testng-results>
