<?xml version="1.0" encoding="UTF-8"?>
<!-- Generated by org.testng.reporters.JUnitXMLReporter -->
<testsuite ignored="0" hostname="DELL" failures="0" tests="5" name="Test" time="62.931" errors="0" timestamp="2024-05-16T17:46:58 IST">
  <testcase classname="TS_006_HOME_PAGE.TS_006_HP_TC_005_SUPPORTED_ENV" name="TS_006_HP_TC_001_NAVIGATE_TO_HOME_PAGE" time="0.031"/>
  <testcase classname="TS_006_HOME_PAGE.TS_006_HP_TC_004_UI" name="TS_006_HP_TC_001_NAVIGATE_TO_HOME_PAGE" time="0.014"/>
  <testcase classname="TS_006_HOME_PAGE.TS_006_HP_TC_002_SEARCH_FUNCTIONALITY_DISPLAYED" name="TS_006_HP_TC_001_NAVIGATE_TO_HOME_PAGE" time="0.014"/>
  <testcase classname="TS_006_HOME_PAGE.TS_006_HP_TC_006_URL_TITLE" name="TS_006_HP_TC_001_NAVIGATE_TO_HOME_PAGE" time="1.375"/>
  <testcase classname="TS_006_HOME_PAGE.TS_006_HP_TC_003_FLIGHT_OPTIONS" name="TS_006_HP_TC_001_NAVIGATE_TO_HOME_PAGE" time="0.025"/>
</testsuite> <!-- Test -->
