<?xml version="1.0" encoding="UTF-8"?>
<testng-results ignored="0" total="1" passed="1" failed="0" skipped="0">
  <reporter-output>
    <line>
      <![CDATA[method namerf1]]>
    </line>
    <line>
      <![CDATA[method status1]]>
    </line>
  </reporter-output>
  <suite started-at="2024-05-14T19:51:47 IST" name="Suite" finished-at="2024-05-14T19:51:57 IST" duration-ms="9705">
    <groups>
    </groups>
    <test started-at="2024-05-14T19:51:47 IST" name="Test" finished-at="2024-05-14T19:51:57 IST" duration-ms="9705">
      <class name="TS_001_REGISTRATION_FUNCTIONALITY.TC_002_RF_not_enter_MANDATORY_FIELD">
        <test-method is-config="true" signature="setup()[pri:0, instance:TS_001_REGISTRATION_FUNCTIONALITY.TC_002_RF_not_enter_MANDATORY_FIELD@6a2f6f80]" started-at="2024-05-14T19:51:47 IST" name="setup" finished-at="2024-05-14T19:51:56 IST" duration-ms="8575" status="PASS">
          <reporter-output>
          </reporter-output>
        </test-method> <!-- setup -->
        <test-method signature="rf1()[pri:0, instance:TS_001_REGISTRATION_FUNCTIONALITY.TC_002_RF_not_enter_MANDATORY_FIELD@6a2f6f80]" started-at="2024-05-14T19:51:56 IST" name="rf1" finished-at="2024-05-14T19:51:57 IST" duration-ms="1089" status="PASS">
          <reporter-output>
            <line>
              <![CDATA[method namerf1]]>
            </line>
            <line>
              <![CDATA[method status1]]>
            </line>
          </reporter-output>
        </test-method> <!-- rf1 -->
        <test-method is-config="true" signature="teardown()[pri:0, instance:TS_001_REGISTRATION_FUNCTIONALITY.TC_002_RF_not_enter_MANDATORY_FIELD@6a2f6f80]" started-at="2024-05-14T19:51:57 IST" name="teardown" finished-at="2024-05-14T19:51:57 IST" duration-ms="1" status="PASS">
          <reporter-output>
          </reporter-output>
        </test-method> <!-- teardown -->
      </class> <!-- TS_001_REGISTRATION_FUNCTIONALITY.TC_002_RF_not_enter_MANDATORY_FIELD -->
    </test> <!-- Test -->
  </suite> <!-- Suite -->
</testng-results>
