<?xml version="1.0" encoding="UTF-8"?>
<!-- Generated by org.testng.reporters.JUnitXMLReporter -->
<testsuite ignored="0" hostname="DELL" failures="0" tests="14" name="Test" time="318.117" errors="0" timestamp="2024-05-15T19:22:28 IST">
  <testcase classname="TS_002_LF_VALID_MANDATORY_FIELD.TC_001_LF_VALID_MANDATORY_FIELD" name="get_cap" time="0.022"/>
  <testcase classname="TS_003_LOGOUT_FUNCTIONALITY.TS_003_LO_TC_005_login_page_url_title" name="logout" time="0.004"/>
  <testcase classname="TS_002_LF_VALID_MANDATORY_FIELD.TC_001_LF_VALID_MANDATORY_FIELD" name="get_cap" time="0.014"/>
  <testcase classname="TS_003_LOGOUT_FUNCTIONALITY.TS_003_LO_TC_006_login_page_ui" name="logout" time="0.004"/>
  <testcase classname="TS_002_LF_VALID_MANDATORY_FIELD.TC_001_LF_VALID_MANDATORY_FIELD" name="get_cap" time="0.006"/>
  <testcase classname="TS_003_LOGOUT_FUNCTIONALITY.TS_003_LO_TC_002_back_after_LOGOUT2" name="logout" time="0.024"/>
  <testcase classname="TS_002_LF_VALID_MANDATORY_FIELD.TC_001_LF_VALID_MANDATORY_FIELD" name="get_cap" time="0.006"/>
  <testcase classname="TS_003_LOGOUT_FUNCTIONALITY.TS_003_LO_TC_003_logout_option_displayed_after_logout_" name="logout" time="0.018"/>
  <testcase classname="TS_002_LF_VALID_MANDATORY_FIELD.TC_001_LF_VALID_MANDATORY_FIELD" name="get_cap" time="0.007"/>
  <testcase classname="TS_003_LOGOUT_FUNCTIONALITY.TS_003_LO_TC_007_login_page_supported_env" name="logout" time="0.344"/>
  <testcase classname="TS_002_LF_VALID_MANDATORY_FIELD.TC_001_LF_VALID_MANDATORY_FIELD" name="get_cap" time="1.43"/>
  <testcase classname="TS_003_LOGOUT_FUNCTIONALITY.TS_003_LO_TC_001_LOGOUT" name="logout" time="0.112"/>
  <testcase classname="TS_002_LF_VALID_MANDATORY_FIELD.TC_001_LF_VALID_MANDATORY_FIELD" name="get_cap" time="1.013"/>
  <testcase classname="TS_003_LOGOUT_FUNCTIONALITY.TS_003_LO_TC_004_login_immeditely_after_logout" name="logout" time="4.205"/>
</testsuite> <!-- Test -->
