<?xml version="1.0" encoding="UTF-8"?>
<!-- Generated by org.testng.reporters.JUnitXMLReporter -->
<testsuite ignored="0" hostname="DELL" failures="0" tests="9" name="Test" time="490.316" errors="0" timestamp="2024-05-16T17:09:56 IST">
  <testcase classname="TS_005_SEARCH_FUNCTIONALITY.TS_005_SF_TC_002_NON_EXISTING_PLACE2" name="TS_005_SF_TC_001_EXISTING_PLACE_NAME" time="4.189"/>
  <testcase classname="TS_005_SEARCH_FUNCTIONALITY.TS_005_SF_TC_008_supported_environment" name="TS_005_SF_TC_001_EXISTING_PLACE_NAME" time="0.018"/>
  <testcase classname="TS_002_LF_VALID_MANDATORY_FIELD.TC_001_LF_VALID_MANDATORY_FIELD" name="get_cap" time="25.792"/>
  <testcase classname="TS_005_SEARCH_FUNCTIONALITY.TS_005_SF_TC_004_SEARCH_AFTER_LOGIN" name="TS_005_SF_TC_001_EXISTING_PLACE_NAME" time="0.106"/>
  <testcase classname="TS_005_SEARCH_FUNCTIONALITY.TS_005_SF_TC_006_url_title" name="TS_005_SF_TC_001_EXISTING_PLACE_NAME" time="0.114"/>
  <testcase classname="TS_005_SEARCH_FUNCTIONALITY.TS_005_SF_TC_001_EXISTING_PLACE" name="TS_005_SF_TC_001_EXISTING_PLACE_NAME" time="39.62"/>
  <testcase classname="TS_005_SEARCH_FUNCTIONALITY.TS_005_SF_TC_007_ui" name="TS_005_SF_TC_001_EXISTING_PLACE_NAME" time="2.804"/>
  <testcase classname="TS_005_SEARCH_FUNCTIONALITY.TS_005_SF_TC_005_placeholder_sf" name="TS_005_SF_TC_001_EXISTING_PLACE_NAME" time="0.601"/>
  <testcase classname="TS_005_SEARCH_FUNCTIONALITY.TS_005_SF_TC_003_DONT_ENTER_PLACE_NAME" name="TS_005_SF_TC_001_EXISTING_PLACE_NAME" time="6.44"/>
</testsuite> <!-- Test -->
