<?xml version="1.0" encoding="UTF-8"?>
<!-- Generated by org.testng.reporters.JUnitXMLReporter -->
<testsuite ignored="0" hostname="DELL" failures="0" tests="8" name="Test" time="93.496" errors="0" timestamp="2024-05-15T15:30:29 IST">
  <testcase classname="TS_002_LF_VALID_MANDATORY_FIELD.TC_004_LF_without_provide_credential" name="LOGIN_FIELDS" time="0.227"/>
  <testcase classname="TS_002_LF_VALID_MANDATORY_FIELD.TC_005_LF_validate_forgot_account_details" name="LOGIN_FIELDS" time="0.577"/>
  <testcase classname="TS_002_LF_VALID_MANDATORY_FIELD.TC_002_LF_INVALID_MANDATORY_FIELD2" name="LOGIN_FIELDS" time="1.309"/>
  <testcase classname="TS_002_LF_VALID_MANDATORY_FIELD.TC_002_LF_INVALID_MANDATORY_FIELD2" name="get_cap" time="7.244"/>
  <testcase classname="TS_002_LF_VALID_MANDATORY_FIELD.TC_003_LF_VALID_password_FIELD2" name="LOGIN_FIELDS" time="0.757"/>
  <testcase classname="TS_002_LF_VALID_MANDATORY_FIELD.TC_003_LF_VALID_password_FIELD2" name="get_cap" time="7.618"/>
  <testcase classname="TS_002_LF_VALID_MANDATORY_FIELD.TC_001_LF_VALID_MANDATORY_FIELD" name="LOGIN_FIELDS" time="2.345"/>
  <testcase classname="TS_002_LF_VALID_MANDATORY_FIELD.TC_001_LF_VALID_MANDATORY_FIELD" name="get_cap" time="8.489"/>
</testsuite> <!-- Test -->
