<?xml version="1.0" encoding="UTF-8"?>
<testng-results ignored="0" total="4" passed="4" failed="0" skipped="0">
  <reporter-output>
    <line>
      <![CDATA[method nameTS_007_CU_TC_001_NAVIGATE_TO_CONTECT_US_PAGE]]>
    </line>
    <line>
      <![CDATA[method status1]]>
    </line>
    <line>
      <![CDATA[method nameTS_007_CU_TC_001_NAVIGATE_TO_CONTECT_US_PAGE]]>
    </line>
    <line>
      <![CDATA[method status1]]>
    </line>
    <line>
      <![CDATA[method nameTS_007_CU_TC_001_NAVIGATE_TO_CONTECT_US_PAGE]]>
    </line>
    <line>
      <![CDATA[method status1]]>
    </line>
    <line>
      <![CDATA[method nameTS_007_CU_TC_001_NAVIGATE_TO_CONTECT_US_PAGE]]>
    </line>
    <line>
      <![CDATA[method status1]]>
    </line>
  </reporter-output>
  <suite started-at="2024-05-16T18:29:44 IST" name="Suite" finished-at="2024-05-16T18:30:18 IST" duration-ms="33296">
    <groups>
    </groups>
    <test started-at="2024-05-16T18:29:44 IST" name="Test" finished-at="2024-05-16T18:30:18 IST" duration-ms="33296">
      <class name="TS_007_CONTACT_US.TS_007_CU_TC_004_UI">
        <test-method is-config="true" signature="setup()[pri:0, instance:TS_007_CONTACT_US.TS_007_CU_TC_004_UI@11fc564b]" started-at="2024-05-16T18:29:51 IST" name="setup" finished-at="2024-05-16T18:29:58 IST" duration-ms="6762" status="PASS">
          <reporter-output>
          </reporter-output>
        </test-method> <!-- setup -->
        <test-method signature="TS_007_CU_TC_001_NAVIGATE_TO_CONTECT_US_PAGE()[pri:0, instance:TS_007_CONTACT_US.TS_007_CU_TC_004_UI@11fc564b]" started-at="2024-05-16T18:29:58 IST" name="TS_007_CU_TC_001_NAVIGATE_TO_CONTECT_US_PAGE" finished-at="2024-05-16T18:29:58 IST" duration-ms="348" status="PASS">
          <reporter-output>
            <line>
              <![CDATA[method nameTS_007_CU_TC_001_NAVIGATE_TO_CONTECT_US_PAGE]]>
            </line>
            <line>
              <![CDATA[method status1]]>
            </line>
          </reporter-output>
        </test-method> <!-- TS_007_CU_TC_001_NAVIGATE_TO_CONTECT_US_PAGE -->
        <test-method is-config="true" signature="teardown()[pri:0, instance:TS_007_CONTACT_US.TS_007_CU_TC_004_UI@11fc564b]" started-at="2024-05-16T18:29:58 IST" name="teardown" finished-at="2024-05-16T18:29:58 IST" duration-ms="0" status="PASS">
          <reporter-output>
          </reporter-output>
        </test-method> <!-- teardown -->
      </class> <!-- TS_007_CONTACT_US.TS_007_CU_TC_004_UI -->
      <class name="TS_007_CONTACT_US.TS_007_CU_TC_005_SUPPORTED_ENV">
        <test-method is-config="true" signature="setup()[pri:0, instance:TS_007_CONTACT_US.TS_007_CU_TC_005_SUPPORTED_ENV@394a2528]" started-at="2024-05-16T18:29:58 IST" name="setup" finished-at="2024-05-16T18:30:08 IST" duration-ms="9381" status="PASS">
          <reporter-output>
          </reporter-output>
        </test-method> <!-- setup -->
        <test-method signature="TS_007_CU_TC_001_NAVIGATE_TO_CONTECT_US_PAGE()[pri:0, instance:TS_007_CONTACT_US.TS_007_CU_TC_005_SUPPORTED_ENV@394a2528]" started-at="2024-05-16T18:30:08 IST" name="TS_007_CU_TC_001_NAVIGATE_TO_CONTECT_US_PAGE" finished-at="2024-05-16T18:30:09 IST" duration-ms="931" status="PASS">
          <reporter-output>
            <line>
              <![CDATA[method nameTS_007_CU_TC_001_NAVIGATE_TO_CONTECT_US_PAGE]]>
            </line>
            <line>
              <![CDATA[method status1]]>
            </line>
          </reporter-output>
        </test-method> <!-- TS_007_CU_TC_001_NAVIGATE_TO_CONTECT_US_PAGE -->
        <test-method is-config="true" signature="teardown()[pri:0, instance:TS_007_CONTACT_US.TS_007_CU_TC_005_SUPPORTED_ENV@394a2528]" started-at="2024-05-16T18:30:09 IST" name="teardown" finished-at="2024-05-16T18:30:09 IST" duration-ms="0" status="PASS">
          <reporter-output>
          </reporter-output>
        </test-method> <!-- teardown -->
      </class> <!-- TS_007_CONTACT_US.TS_007_CU_TC_005_SUPPORTED_ENV -->
      <class name="TS_007_CONTACT_US.TS_007_CU_TC_003_URL_TITLECONTECT_US_PAGE2">
        <test-method is-config="true" signature="setup()[pri:0, instance:TS_007_CONTACT_US.TS_007_CU_TC_003_URL_TITLECONTECT_US_PAGE2@3af9c5b7]" started-at="2024-05-16T18:29:44 IST" name="setup" finished-at="2024-05-16T18:29:51 IST" duration-ms="6748" status="PASS">
          <reporter-output>
          </reporter-output>
        </test-method> <!-- setup -->
        <test-method signature="TS_007_CU_TC_001_NAVIGATE_TO_CONTECT_US_PAGE()[pri:0, instance:TS_007_CONTACT_US.TS_007_CU_TC_003_URL_TITLECONTECT_US_PAGE2@3af9c5b7]" started-at="2024-05-16T18:29:51 IST" name="TS_007_CU_TC_001_NAVIGATE_TO_CONTECT_US_PAGE" finished-at="2024-05-16T18:29:51 IST" duration-ms="201" status="PASS">
          <reporter-output>
            <line>
              <![CDATA[method nameTS_007_CU_TC_001_NAVIGATE_TO_CONTECT_US_PAGE]]>
            </line>
            <line>
              <![CDATA[method status1]]>
            </line>
          </reporter-output>
        </test-method> <!-- TS_007_CU_TC_001_NAVIGATE_TO_CONTECT_US_PAGE -->
        <test-method is-config="true" signature="teardown()[pri:0, instance:TS_007_CONTACT_US.TS_007_CU_TC_003_URL_TITLECONTECT_US_PAGE2@3af9c5b7]" started-at="2024-05-16T18:29:51 IST" name="teardown" finished-at="2024-05-16T18:29:51 IST" duration-ms="2" status="PASS">
          <reporter-output>
          </reporter-output>
        </test-method> <!-- teardown -->
      </class> <!-- TS_007_CONTACT_US.TS_007_CU_TC_003_URL_TITLECONTECT_US_PAGE2 -->
      <class name="TS_007_CONTACT_US.TS_007_CU_TC_002_DETAILS_CONTECT_US_PAGE2">
        <test-method is-config="true" signature="setup()[pri:0, instance:TS_007_CONTACT_US.TS_007_CU_TC_002_DETAILS_CONTECT_US_PAGE2@6236eb5f]" started-at="2024-05-16T18:30:09 IST" name="setup" finished-at="2024-05-16T18:30:17 IST" duration-ms="8100" status="PASS">
          <reporter-output>
          </reporter-output>
        </test-method> <!-- setup -->
        <test-method signature="TS_007_CU_TC_001_NAVIGATE_TO_CONTECT_US_PAGE()[pri:0, instance:TS_007_CONTACT_US.TS_007_CU_TC_002_DETAILS_CONTECT_US_PAGE2@6236eb5f]" started-at="2024-05-16T18:30:17 IST" name="TS_007_CU_TC_001_NAVIGATE_TO_CONTECT_US_PAGE" finished-at="2024-05-16T18:30:18 IST" duration-ms="766" status="PASS">
          <reporter-output>
            <line>
              <![CDATA[method nameTS_007_CU_TC_001_NAVIGATE_TO_CONTECT_US_PAGE]]>
            </line>
            <line>
              <![CDATA[method status1]]>
            </line>
          </reporter-output>
        </test-method> <!-- TS_007_CU_TC_001_NAVIGATE_TO_CONTECT_US_PAGE -->
        <test-method is-config="true" signature="teardown()[pri:0, instance:TS_007_CONTACT_US.TS_007_CU_TC_002_DETAILS_CONTECT_US_PAGE2@6236eb5f]" started-at="2024-05-16T18:30:18 IST" name="teardown" finished-at="2024-05-16T18:30:18 IST" duration-ms="1" status="PASS">
          <reporter-output>
          </reporter-output>
        </test-method> <!-- teardown -->
      </class> <!-- TS_007_CONTACT_US.TS_007_CU_TC_002_DETAILS_CONTECT_US_PAGE2 -->
    </test> <!-- Test -->
  </suite> <!-- Suite -->
</testng-results>
