<?xml version="1.0" encoding="UTF-8"?>
<!-- Generated by org.testng.reporters.JUnitXMLReporter -->
<testsuite ignored="0" hostname="DELL" failures="0" tests="4" name="Test" time="33.296" errors="0" timestamp="2024-05-16T18:30:18 IST">
  <testcase classname="TS_007_CONTACT_US.TS_007_CU_TC_003_URL_TITLECONTECT_US_PAGE2" name="TS_007_CU_TC_001_NAVIGATE_TO_CONTECT_US_PAGE" time="0.201"/>
  <testcase classname="TS_007_CONTACT_US.TS_007_CU_TC_004_UI" name="TS_007_CU_TC_001_NAVIGATE_TO_CONTECT_US_PAGE" time="0.348"/>
  <testcase classname="TS_007_CONTACT_US.TS_007_CU_TC_005_SUPPORTED_ENV" name="TS_007_CU_TC_001_NAVIGATE_TO_CONTECT_US_PAGE" time="0.931"/>
  <testcase classname="TS_007_CONTACT_US.TS_007_CU_TC_002_DETAILS_CONTECT_US_PAGE2" name="TS_007_CU_TC_001_NAVIGATE_TO_CONTECT_US_PAGE" time="0.766"/>
</testsuite> <!-- Test -->
