<?xml version="1.0" encoding="UTF-8"?>
<testng-results ignored="0" total="5" passed="5" failed="0" skipped="0">
  <reporter-output>
  </reporter-output>
  <suite started-at="2024-05-16T17:45:52 IST" name="Suite" finished-at="2024-05-16T17:46:54 IST" duration-ms="62931">
    <groups>
    </groups>
    <test started-at="2024-05-16T17:45:52 IST" name="Test" finished-at="2024-05-16T17:46:54 IST" duration-ms="62931">
      <class name="TS_006_HOME_PAGE.TS_006_HP_TC_003_FLIGHT_OPTIONS">
        <test-method is-config="true" signature="setup()[pri:0, instance:TS_006_HOME_PAGE.TS_006_HP_TC_003_FLIGHT_OPTIONS@71d44a3]" started-at="2024-05-16T17:46:40 IST" name="setup" finished-at="2024-05-16T17:46:54 IST" duration-ms="14069" status="PASS">
          <reporter-output>
          </reporter-output>
        </test-method> <!-- setup -->
        <test-method signature="TS_006_HP_TC_001_NAVIGATE_TO_HOME_PAGE()[pri:0, instance:TS_006_HOME_PAGE.TS_006_HP_TC_003_FLIGHT_OPTIONS@71d44a3]" started-at="2024-05-16T17:46:54 IST" name="TS_006_HP_TC_001_NAVIGATE_TO_HOME_PAGE" finished-at="2024-05-16T17:46:54 IST" duration-ms="25" status="PASS">
          <reporter-output>
          </reporter-output>
        </test-method> <!-- TS_006_HP_TC_001_NAVIGATE_TO_HOME_PAGE -->
        <test-method is-config="true" signature="teardown()[pri:0, instance:TS_006_HOME_PAGE.TS_006_HP_TC_003_FLIGHT_OPTIONS@71d44a3]" started-at="2024-05-16T17:46:54 IST" name="teardown" finished-at="2024-05-16T17:46:54 IST" duration-ms="1" status="PASS">
          <reporter-output>
          </reporter-output>
        </test-method> <!-- teardown -->
      </class> <!-- TS_006_HOME_PAGE.TS_006_HP_TC_003_FLIGHT_OPTIONS -->
      <class name="TS_006_HOME_PAGE.TS_006_HP_TC_006_URL_TITLE">
        <test-method is-config="true" signature="setup()[pri:0, instance:TS_006_HOME_PAGE.TS_006_HP_TC_006_URL_TITLE@73a1e9a9]" started-at="2024-05-16T17:46:22 IST" name="setup" finished-at="2024-05-16T17:46:39 IST" duration-ms="16696" status="PASS">
          <reporter-output>
          </reporter-output>
        </test-method> <!-- setup -->
        <test-method signature="TS_006_HP_TC_001_NAVIGATE_TO_HOME_PAGE()[pri:0, instance:TS_006_HOME_PAGE.TS_006_HP_TC_006_URL_TITLE@73a1e9a9]" started-at="2024-05-16T17:46:39 IST" name="TS_006_HP_TC_001_NAVIGATE_TO_HOME_PAGE" finished-at="2024-05-16T17:46:40 IST" duration-ms="1375" status="PASS">
          <reporter-output>
          </reporter-output>
        </test-method> <!-- TS_006_HP_TC_001_NAVIGATE_TO_HOME_PAGE -->
        <test-method is-config="true" signature="teardown()[pri:0, instance:TS_006_HOME_PAGE.TS_006_HP_TC_006_URL_TITLE@73a1e9a9]" started-at="2024-05-16T17:46:40 IST" name="teardown" finished-at="2024-05-16T17:46:40 IST" duration-ms="1" status="PASS">
          <reporter-output>
          </reporter-output>
        </test-method> <!-- teardown -->
      </class> <!-- TS_006_HOME_PAGE.TS_006_HP_TC_006_URL_TITLE -->
      <class name="TS_006_HOME_PAGE.TS_006_HP_TC_004_UI">
        <test-method is-config="true" signature="setup()[pri:0, instance:TS_006_HOME_PAGE.TS_006_HP_TC_004_UI@14cd1699]" started-at="2024-05-16T17:45:59 IST" name="setup" finished-at="2024-05-16T17:46:09 IST" duration-ms="10456" status="PASS">
          <reporter-output>
          </reporter-output>
        </test-method> <!-- setup -->
        <test-method signature="TS_006_HP_TC_001_NAVIGATE_TO_HOME_PAGE()[pri:0, instance:TS_006_HOME_PAGE.TS_006_HP_TC_004_UI@14cd1699]" started-at="2024-05-16T17:46:09 IST" name="TS_006_HP_TC_001_NAVIGATE_TO_HOME_PAGE" finished-at="2024-05-16T17:46:09 IST" duration-ms="14" status="PASS">
          <reporter-output>
          </reporter-output>
        </test-method> <!-- TS_006_HP_TC_001_NAVIGATE_TO_HOME_PAGE -->
        <test-method is-config="true" signature="teardown()[pri:0, instance:TS_006_HOME_PAGE.TS_006_HP_TC_004_UI@14cd1699]" started-at="2024-05-16T17:46:09 IST" name="teardown" finished-at="2024-05-16T17:46:09 IST" duration-ms="1" status="PASS">
          <reporter-output>
          </reporter-output>
        </test-method> <!-- teardown -->
      </class> <!-- TS_006_HOME_PAGE.TS_006_HP_TC_004_UI -->
      <class name="TS_006_HOME_PAGE.TS_006_HP_TC_005_SUPPORTED_ENV">
        <test-method is-config="true" signature="setup()[pri:0, instance:TS_006_HOME_PAGE.TS_006_HP_TC_005_SUPPORTED_ENV@1bd4fdd]" started-at="2024-05-16T17:45:52 IST" name="setup" finished-at="2024-05-16T17:45:59 IST" duration-ms="7350" status="PASS">
          <reporter-output>
          </reporter-output>
        </test-method> <!-- setup -->
        <test-method signature="TS_006_HP_TC_001_NAVIGATE_TO_HOME_PAGE()[pri:0, instance:TS_006_HOME_PAGE.TS_006_HP_TC_005_SUPPORTED_ENV@1bd4fdd]" started-at="2024-05-16T17:45:59 IST" name="TS_006_HP_TC_001_NAVIGATE_TO_HOME_PAGE" finished-at="2024-05-16T17:45:59 IST" duration-ms="31" status="PASS">
          <reporter-output>
          </reporter-output>
        </test-method> <!-- TS_006_HP_TC_001_NAVIGATE_TO_HOME_PAGE -->
        <test-method is-config="true" signature="teardown()[pri:0, instance:TS_006_HOME_PAGE.TS_006_HP_TC_005_SUPPORTED_ENV@1bd4fdd]" started-at="2024-05-16T17:45:59 IST" name="teardown" finished-at="2024-05-16T17:45:59 IST" duration-ms="2" status="PASS">
          <reporter-output>
          </reporter-output>
        </test-method> <!-- teardown -->
      </class> <!-- TS_006_HOME_PAGE.TS_006_HP_TC_005_SUPPORTED_ENV -->
      <class name="TS_006_HOME_PAGE.TS_006_HP_TC_002_SEARCH_FUNCTIONALITY_DISPLAYED">
        <test-method is-config="true" signature="setup()[pri:0, instance:TS_006_HOME_PAGE.TS_006_HP_TC_002_SEARCH_FUNCTIONALITY_DISPLAYED@77888435]" started-at="2024-05-16T17:46:09 IST" name="setup" finished-at="2024-05-16T17:46:22 IST" duration-ms="12594" status="PASS">
          <reporter-output>
          </reporter-output>
        </test-method> <!-- setup -->
        <test-method signature="TS_006_HP_TC_001_NAVIGATE_TO_HOME_PAGE()[pri:0, instance:TS_006_HOME_PAGE.TS_006_HP_TC_002_SEARCH_FUNCTIONALITY_DISPLAYED@77888435]" started-at="2024-05-16T17:46:22 IST" name="TS_006_HP_TC_001_NAVIGATE_TO_HOME_PAGE" finished-at="2024-05-16T17:46:22 IST" duration-ms="14" status="PASS">
          <reporter-output>
          </reporter-output>
        </test-method> <!-- TS_006_HP_TC_001_NAVIGATE_TO_HOME_PAGE -->
        <test-method is-config="true" signature="teardown()[pri:0, instance:TS_006_HOME_PAGE.TS_006_HP_TC_002_SEARCH_FUNCTIONALITY_DISPLAYED@77888435]" started-at="2024-05-16T17:46:22 IST" name="teardown" finished-at="2024-05-16T17:46:22 IST" duration-ms="1" status="PASS">
          <reporter-output>
          </reporter-output>
        </test-method> <!-- teardown -->
      </class> <!-- TS_006_HOME_PAGE.TS_006_HP_TC_002_SEARCH_FUNCTIONALITY_DISPLAYED -->
    </test> <!-- Test -->
  </suite> <!-- Suite -->
</testng-results>
