<?xml version="1.0" encoding="UTF-8"?>
<testng-results ignored="0" total="13" passed="13" failed="0" skipped="0">
  <reporter-output>
    <line>
      <![CDATA[method namereset_password_page]]>
    </line>
    <line>
      <![CDATA[method status1]]>
    </line>
    <line>
      <![CDATA[method nameurl_title_forgot_account_details]]>
    </line>
    <line>
      <![CDATA[method status1]]>
    </line>
    <line>
      <![CDATA[method namereset_password_page]]>
    </line>
    <line>
      <![CDATA[method status1]]>
    </line>
    <line>
      <![CDATA[method nameurl_title_forgot_account_details]]>
    </line>
    <line>
      <![CDATA[method status1]]>
    </line>
    <line>
      <![CDATA[method namereset_password_page]]>
    </line>
    <line>
      <![CDATA[method status1]]>
    </line>
    <line>
      <![CDATA[method nameurl_title_forgot_account_details]]>
    </line>
    <line>
      <![CDATA[method status1]]>
    </line>
    <line>
      <![CDATA[method namereset_password_page]]>
    </line>
    <line>
      <![CDATA[method status1]]>
    </line>
    <line>
      <![CDATA[method nameurl_title_forgot_account_details]]>
    </line>
    <line>
      <![CDATA[method status1]]>
    </line>
    <line>
      <![CDATA[method namereset_password_page]]>
    </line>
    <line>
      <![CDATA[method status1]]>
    </line>
    <line>
      <![CDATA[method namereset_password_page]]>
    </line>
    <line>
      <![CDATA[method status1]]>
    </line>
    <line>
      <![CDATA[method namePLACE_HOLDER_forgot_account_details]]>
    </line>
    <line>
      <![CDATA[method status1]]>
    </line>
    <line>
      <![CDATA[method namereset_password_page]]>
    </line>
    <line>
      <![CDATA[method status1]]>
    </line>
    <line>
      <![CDATA[method nameget_cap]]>
    </line>
    <line>
      <![CDATA[method status1]]>
    </line>
  </reporter-output>
  <suite started-at="2024-05-16T12:20:09 IST" name="Suite" finished-at="2024-05-16T12:25:54 IST" duration-ms="345078">
    <groups>
    </groups>
    <test started-at="2024-05-16T12:20:09 IST" name="Test" finished-at="2024-05-16T12:25:54 IST" duration-ms="345078">
      <class name="TS_004_FORGOT_ACCOUNT_DETAILS.TS_004_FAD_TC_007validate_back_button">
        <test-method is-config="true" signature="setup()[pri:0, instance:TS_004_FORGOT_ACCOUNT_DETAILS.TS_004_FAD_TC_007validate_back_button@1018bde2]" started-at="2024-05-16T12:20:46 IST" name="setup" finished-at="2024-05-16T12:20:59 IST" duration-ms="13131" status="PASS">
          <reporter-output>
          </reporter-output>
        </test-method> <!-- setup -->
        <test-method signature="reset_password_page()[pri:0, instance:TS_004_FORGOT_ACCOUNT_DETAILS.TS_004_FAD_TC_007validate_back_button@1018bde2]" started-at="2024-05-16T12:20:59 IST" name="reset_password_page" finished-at="2024-05-16T12:20:59 IST" duration-ms="15" status="PASS">
          <reporter-output>
            <line>
              <![CDATA[method namereset_password_page]]>
            </line>
            <line>
              <![CDATA[method status1]]>
            </line>
          </reporter-output>
        </test-method> <!-- reset_password_page -->
        <test-method is-config="true" signature="teardown()[pri:0, instance:TS_004_FORGOT_ACCOUNT_DETAILS.TS_004_FAD_TC_007validate_back_button@1018bde2]" started-at="2024-05-16T12:20:59 IST" name="teardown" finished-at="2024-05-16T12:20:59 IST" duration-ms="2" status="PASS">
          <reporter-output>
          </reporter-output>
        </test-method> <!-- teardown -->
        <test-method is-config="true" signature="setup()[pri:0, instance:TS_004_FORGOT_ACCOUNT_DETAILS.TS_004_FAD_TC_007validate_back_button@1018bde2]" started-at="2024-05-16T12:20:59 IST" name="setup" finished-at="2024-05-16T12:21:12 IST" duration-ms="13020" status="PASS">
          <reporter-output>
          </reporter-output>
        </test-method> <!-- setup -->
        <test-method is-config="true" signature="teardown()[pri:0, instance:TS_004_FORGOT_ACCOUNT_DETAILS.TS_004_FAD_TC_007validate_back_button@1018bde2]" started-at="2024-05-16T12:21:12 IST" name="teardown" finished-at="2024-05-16T12:21:12 IST" duration-ms="8" status="PASS">
          <reporter-output>
          </reporter-output>
        </test-method> <!-- teardown -->
        <test-method signature="url_title_forgot_account_details()[pri:0, instance:TS_004_FORGOT_ACCOUNT_DETAILS.TS_004_FAD_TC_007validate_back_button@1018bde2]" started-at="2024-05-16T12:21:12 IST" name="url_title_forgot_account_details" finished-at="2024-05-16T12:21:12 IST" duration-ms="0" status="PASS">
          <reporter-output>
            <line>
              <![CDATA[method nameurl_title_forgot_account_details]]>
            </line>
            <line>
              <![CDATA[method status1]]>
            </line>
          </reporter-output>
        </test-method> <!-- url_title_forgot_account_details -->
      </class> <!-- TS_004_FORGOT_ACCOUNT_DETAILS.TS_004_FAD_TC_007validate_back_button -->
      <class name="TS_004_FORGOT_ACCOUNT_DETAILS.TS_004_FAD_TC_010_RESET_EXIXTING_ACCOUNT">
        <test-method is-config="true" signature="setup()[pri:0, instance:TS_004_FORGOT_ACCOUNT_DETAILS.TS_004_FAD_TC_010_RESET_EXIXTING_ACCOUNT@f2ff811]" started-at="2024-05-16T12:21:36 IST" name="setup" finished-at="2024-05-16T12:21:50 IST" duration-ms="13472" status="PASS">
          <reporter-output>
          </reporter-output>
        </test-method> <!-- setup -->
        <test-method signature="reset_password_page()[pri:0, instance:TS_004_FORGOT_ACCOUNT_DETAILS.TS_004_FAD_TC_010_RESET_EXIXTING_ACCOUNT@f2ff811]" started-at="2024-05-16T12:21:50 IST" name="reset_password_page" finished-at="2024-05-16T12:21:50 IST" duration-ms="17" status="PASS">
          <reporter-output>
            <line>
              <![CDATA[method namereset_password_page]]>
            </line>
            <line>
              <![CDATA[method status1]]>
            </line>
          </reporter-output>
        </test-method> <!-- reset_password_page -->
        <test-method is-config="true" signature="teardown()[pri:0, instance:TS_004_FORGOT_ACCOUNT_DETAILS.TS_004_FAD_TC_010_RESET_EXIXTING_ACCOUNT@f2ff811]" started-at="2024-05-16T12:21:50 IST" name="teardown" finished-at="2024-05-16T12:21:50 IST" duration-ms="0" status="PASS">
          <reporter-output>
          </reporter-output>
        </test-method> <!-- teardown -->
      </class> <!-- TS_004_FORGOT_ACCOUNT_DETAILS.TS_004_FAD_TC_010_RESET_EXIXTING_ACCOUNT -->
      <class name="TS_004_FORGOT_ACCOUNT_DETAILS.TS_004_FAD_TC_004_validate_url_title">
        <test-method is-config="true" signature="setup()[pri:0, instance:TS_004_FORGOT_ACCOUNT_DETAILS.TS_004_FAD_TC_004_validate_url_title@65b3f4a4]" started-at="2024-05-16T12:21:12 IST" name="setup" finished-at="2024-05-16T12:21:26 IST" duration-ms="13206" status="PASS">
          <reporter-output>
          </reporter-output>
        </test-method> <!-- setup -->
        <test-method signature="reset_password_page()[pri:0, instance:TS_004_FORGOT_ACCOUNT_DETAILS.TS_004_FAD_TC_004_validate_url_title@65b3f4a4]" started-at="2024-05-16T12:21:26 IST" name="reset_password_page" finished-at="2024-05-16T12:21:26 IST" duration-ms="8" status="PASS">
          <reporter-output>
            <line>
              <![CDATA[method namereset_password_page]]>
            </line>
            <line>
              <![CDATA[method status1]]>
            </line>
          </reporter-output>
        </test-method> <!-- reset_password_page -->
        <test-method is-config="true" signature="teardown()[pri:0, instance:TS_004_FORGOT_ACCOUNT_DETAILS.TS_004_FAD_TC_004_validate_url_title@65b3f4a4]" started-at="2024-05-16T12:21:26 IST" name="teardown" finished-at="2024-05-16T12:21:26 IST" duration-ms="19" status="PASS">
          <reporter-output>
          </reporter-output>
        </test-method> <!-- teardown -->
        <test-method is-config="true" signature="setup()[pri:0, instance:TS_004_FORGOT_ACCOUNT_DETAILS.TS_004_FAD_TC_004_validate_url_title@65b3f4a4]" started-at="2024-05-16T12:21:26 IST" name="setup" finished-at="2024-05-16T12:21:36 IST" duration-ms="10513" status="PASS">
          <reporter-output>
          </reporter-output>
        </test-method> <!-- setup -->
        <test-method signature="url_title_forgot_account_details()[pri:0, instance:TS_004_FORGOT_ACCOUNT_DETAILS.TS_004_FAD_TC_004_validate_url_title@65b3f4a4]" started-at="2024-05-16T12:21:36 IST" name="url_title_forgot_account_details" finished-at="2024-05-16T12:21:36 IST" duration-ms="7" status="PASS">
          <reporter-output>
            <line>
              <![CDATA[method nameurl_title_forgot_account_details]]>
            </line>
            <line>
              <![CDATA[method status1]]>
            </line>
          </reporter-output>
        </test-method> <!-- url_title_forgot_account_details -->
        <test-method is-config="true" signature="teardown()[pri:0, instance:TS_004_FORGOT_ACCOUNT_DETAILS.TS_004_FAD_TC_004_validate_url_title@65b3f4a4]" started-at="2024-05-16T12:21:36 IST" name="teardown" finished-at="2024-05-16T12:21:36 IST" duration-ms="1" status="PASS">
          <reporter-output>
          </reporter-output>
        </test-method> <!-- teardown -->
      </class> <!-- TS_004_FORGOT_ACCOUNT_DETAILS.TS_004_FAD_TC_004_validate_url_title -->
      <class name="TS_004_FORGOT_ACCOUNT_DETAILS.TS_004_FAD_TC_002_NEW_PASSWORD_PLACEHOLDER">
        <test-method is-config="true" signature="setup()[pri:0, instance:TS_004_FORGOT_ACCOUNT_DETAILS.TS_004_FAD_TC_002_NEW_PASSWORD_PLACEHOLDER@568ff82]" started-at="2024-05-16T12:21:50 IST" name="setup" finished-at="2024-05-16T12:22:04 IST" duration-ms="14737" status="PASS">
          <reporter-output>
          </reporter-output>
        </test-method> <!-- setup -->
        <test-method signature="reset_password_page()[pri:0, instance:TS_004_FORGOT_ACCOUNT_DETAILS.TS_004_FAD_TC_002_NEW_PASSWORD_PLACEHOLDER@568ff82]" started-at="2024-05-16T12:22:04 IST" name="reset_password_page" finished-at="2024-05-16T12:22:04 IST" duration-ms="1" status="PASS">
          <reporter-output>
            <line>
              <![CDATA[method namereset_password_page]]>
            </line>
            <line>
              <![CDATA[method status1]]>
            </line>
          </reporter-output>
        </test-method> <!-- reset_password_page -->
        <test-method is-config="true" signature="teardown()[pri:0, instance:TS_004_FORGOT_ACCOUNT_DETAILS.TS_004_FAD_TC_002_NEW_PASSWORD_PLACEHOLDER@568ff82]" started-at="2024-05-16T12:22:04 IST" name="teardown" finished-at="2024-05-16T12:22:04 IST" duration-ms="3" status="PASS">
          <reporter-output>
          </reporter-output>
        </test-method> <!-- teardown -->
        <test-method is-config="true" signature="setup()[pri:0, instance:TS_004_FORGOT_ACCOUNT_DETAILS.TS_004_FAD_TC_002_NEW_PASSWORD_PLACEHOLDER@568ff82]" started-at="2024-05-16T12:22:04 IST" name="setup" finished-at="2024-05-16T12:23:00 IST" duration-ms="55750" status="PASS">
          <reporter-output>
          </reporter-output>
        </test-method> <!-- setup -->
        <test-method signature="PLACE_HOLDER_forgot_account_details()[pri:0, instance:TS_004_FORGOT_ACCOUNT_DETAILS.TS_004_FAD_TC_002_NEW_PASSWORD_PLACEHOLDER@568ff82]" started-at="2024-05-16T12:23:00 IST" name="PLACE_HOLDER_forgot_account_details" finished-at="2024-05-16T12:23:01 IST" duration-ms="785" status="PASS">
          <reporter-output>
            <line>
              <![CDATA[method namePLACE_HOLDER_forgot_account_details]]>
            </line>
            <line>
              <![CDATA[method status1]]>
            </line>
          </reporter-output>
        </test-method> <!-- PLACE_HOLDER_forgot_account_details -->
        <test-method is-config="true" signature="teardown()[pri:0, instance:TS_004_FORGOT_ACCOUNT_DETAILS.TS_004_FAD_TC_002_NEW_PASSWORD_PLACEHOLDER@568ff82]" started-at="2024-05-16T12:23:01 IST" name="teardown" finished-at="2024-05-16T12:23:01 IST" duration-ms="52" status="PASS">
          <reporter-output>
          </reporter-output>
        </test-method> <!-- teardown -->
      </class> <!-- TS_004_FORGOT_ACCOUNT_DETAILS.TS_004_FAD_TC_002_NEW_PASSWORD_PLACEHOLDER -->
      <class name="TS_004_FORGOT_ACCOUNT_DETAILS.TS_004_FAD_TC_009validate_supported_environment">
        <test-method is-config="true" signature="setup()[pri:0, instance:TS_004_FORGOT_ACCOUNT_DETAILS.TS_004_FAD_TC_009validate_supported_environment@424e1977]" started-at="2024-05-16T12:20:09 IST" name="setup" finished-at="2024-05-16T12:20:21 IST" duration-ms="11862" status="PASS">
          <reporter-output>
          </reporter-output>
        </test-method> <!-- setup -->
        <test-method signature="reset_password_page()[pri:0, instance:TS_004_FORGOT_ACCOUNT_DETAILS.TS_004_FAD_TC_009validate_supported_environment@424e1977]" started-at="2024-05-16T12:20:21 IST" name="reset_password_page" finished-at="2024-05-16T12:20:21 IST" duration-ms="21" status="PASS">
          <reporter-output>
            <line>
              <![CDATA[method namereset_password_page]]>
            </line>
            <line>
              <![CDATA[method status1]]>
            </line>
          </reporter-output>
        </test-method> <!-- reset_password_page -->
        <test-method is-config="true" signature="teardown()[pri:0, instance:TS_004_FORGOT_ACCOUNT_DETAILS.TS_004_FAD_TC_009validate_supported_environment@424e1977]" started-at="2024-05-16T12:20:21 IST" name="teardown" finished-at="2024-05-16T12:20:21 IST" duration-ms="1" status="PASS">
          <reporter-output>
          </reporter-output>
        </test-method> <!-- teardown -->
        <test-method is-config="true" signature="setup()[pri:0, instance:TS_004_FORGOT_ACCOUNT_DETAILS.TS_004_FAD_TC_009validate_supported_environment@424e1977]" started-at="2024-05-16T12:20:21 IST" name="setup" finished-at="2024-05-16T12:20:31 IST" duration-ms="9830" status="PASS">
          <reporter-output>
          </reporter-output>
        </test-method> <!-- setup -->
        <test-method signature="url_title_forgot_account_details()[pri:0, instance:TS_004_FORGOT_ACCOUNT_DETAILS.TS_004_FAD_TC_009validate_supported_environment@424e1977]" started-at="2024-05-16T12:20:31 IST" name="url_title_forgot_account_details" finished-at="2024-05-16T12:20:31 IST" duration-ms="8" status="PASS">
          <reporter-output>
            <line>
              <![CDATA[method nameurl_title_forgot_account_details]]>
            </line>
            <line>
              <![CDATA[method status1]]>
            </line>
          </reporter-output>
        </test-method> <!-- url_title_forgot_account_details -->
        <test-method is-config="true" signature="teardown()[pri:0, instance:TS_004_FORGOT_ACCOUNT_DETAILS.TS_004_FAD_TC_009validate_supported_environment@424e1977]" started-at="2024-05-16T12:20:31 IST" name="teardown" finished-at="2024-05-16T12:20:31 IST" duration-ms="0" status="PASS">
          <reporter-output>
          </reporter-output>
        </test-method> <!-- teardown -->
      </class> <!-- TS_004_FORGOT_ACCOUNT_DETAILS.TS_004_FAD_TC_009validate_supported_environment -->
      <class name="TS_004_FORGOT_ACCOUNT_DETAILS.TS_004_FAD_TC_005validate_ui">
        <test-method is-config="true" signature="setup()[pri:0, instance:TS_004_FORGOT_ACCOUNT_DETAILS.TS_004_FAD_TC_005validate_ui@2f54a33d]" started-at="2024-05-16T12:20:31 IST" name="setup" finished-at="2024-05-16T12:20:41 IST" duration-ms="10380" status="PASS">
          <reporter-output>
          </reporter-output>
        </test-method> <!-- setup -->
        <test-method signature="reset_password_page()[pri:0, instance:TS_004_FORGOT_ACCOUNT_DETAILS.TS_004_FAD_TC_005validate_ui@2f54a33d]" started-at="2024-05-16T12:20:41 IST" name="reset_password_page" finished-at="2024-05-16T12:20:41 IST" duration-ms="0" status="PASS">
          <reporter-output>
            <line>
              <![CDATA[method namereset_password_page]]>
            </line>
            <line>
              <![CDATA[method status1]]>
            </line>
          </reporter-output>
        </test-method> <!-- reset_password_page -->
        <test-method is-config="true" signature="teardown()[pri:0, instance:TS_004_FORGOT_ACCOUNT_DETAILS.TS_004_FAD_TC_005validate_ui@2f54a33d]" started-at="2024-05-16T12:20:41 IST" name="teardown" finished-at="2024-05-16T12:20:41 IST" duration-ms="7" status="PASS">
          <reporter-output>
          </reporter-output>
        </test-method> <!-- teardown -->
        <test-method is-config="true" signature="setup()[pri:0, instance:TS_004_FORGOT_ACCOUNT_DETAILS.TS_004_FAD_TC_005validate_ui@2f54a33d]" started-at="2024-05-16T12:20:41 IST" name="setup" finished-at="2024-05-16T12:20:46 IST" duration-ms="4860" status="PASS">
          <reporter-output>
          </reporter-output>
        </test-method> <!-- setup -->
        <test-method signature="url_title_forgot_account_details()[pri:0, instance:TS_004_FORGOT_ACCOUNT_DETAILS.TS_004_FAD_TC_005validate_ui@2f54a33d]" started-at="2024-05-16T12:20:46 IST" name="url_title_forgot_account_details" finished-at="2024-05-16T12:20:46 IST" duration-ms="5" status="PASS">
          <reporter-output>
            <line>
              <![CDATA[method nameurl_title_forgot_account_details]]>
            </line>
            <line>
              <![CDATA[method status1]]>
            </line>
          </reporter-output>
        </test-method> <!-- url_title_forgot_account_details -->
        <test-method is-config="true" signature="teardown()[pri:0, instance:TS_004_FORGOT_ACCOUNT_DETAILS.TS_004_FAD_TC_005validate_ui@2f54a33d]" started-at="2024-05-16T12:20:46 IST" name="teardown" finished-at="2024-05-16T12:20:46 IST" duration-ms="0" status="PASS">
          <reporter-output>
          </reporter-output>
        </test-method> <!-- teardown -->
      </class> <!-- TS_004_FORGOT_ACCOUNT_DETAILS.TS_004_FAD_TC_005validate_ui -->
      <class name="TS_004_FORGOT_ACCOUNT_DETAILS.TS_004_FAD_TC_001_RESET_NON_EXIXTING_ACCOUNT2">
        <test-method is-config="true" signature="setup()[pri:0, instance:TS_004_FORGOT_ACCOUNT_DETAILS.TS_004_FAD_TC_001_RESET_NON_EXIXTING_ACCOUNT2@50caa560]" started-at="2024-05-16T12:23:01 IST" name="setup" finished-at="2024-05-16T12:23:59 IST" duration-ms="57311" status="PASS">
          <reporter-output>
          </reporter-output>
        </test-method> <!-- setup -->
        <test-method signature="reset_password_page()[pri:0, instance:TS_004_FORGOT_ACCOUNT_DETAILS.TS_004_FAD_TC_001_RESET_NON_EXIXTING_ACCOUNT2@50caa560]" started-at="2024-05-16T12:24:01 IST" name="reset_password_page" finished-at="2024-05-16T12:24:03 IST" duration-ms="1680" status="PASS">
          <reporter-output>
            <line>
              <![CDATA[method namereset_password_page]]>
            </line>
            <line>
              <![CDATA[method status1]]>
            </line>
          </reporter-output>
        </test-method> <!-- reset_password_page -->
        <test-method is-config="true" signature="teardown()[pri:0, instance:TS_004_FORGOT_ACCOUNT_DETAILS.TS_004_FAD_TC_001_RESET_NON_EXIXTING_ACCOUNT2@50caa560]" started-at="2024-05-16T12:24:03 IST" name="teardown" finished-at="2024-05-16T12:24:03 IST" duration-ms="9" status="PASS">
          <reporter-output>
          </reporter-output>
        </test-method> <!-- teardown -->
        <test-method is-config="true" signature="setup()[pri:0, instance:TS_004_FORGOT_ACCOUNT_DETAILS.TS_004_FAD_TC_001_RESET_NON_EXIXTING_ACCOUNT2@50caa560]" started-at="2024-05-16T12:24:03 IST" name="setup" finished-at="2024-05-16T12:25:51 IST" duration-ms="108752" status="PASS">
          <reporter-output>
          </reporter-output>
        </test-method> <!-- setup -->
        <test-method signature="get_cap()[pri:0, instance:TS_004_FORGOT_ACCOUNT_DETAILS.TS_004_FAD_TC_001_RESET_NON_EXIXTING_ACCOUNT2@50caa560]" started-at="2024-05-16T12:25:53 IST" name="get_cap" finished-at="2024-05-16T12:25:54 IST" duration-ms="1206" status="PASS">
          <reporter-output>
            <line>
              <![CDATA[method nameget_cap]]>
            </line>
            <line>
              <![CDATA[method status1]]>
            </line>
          </reporter-output>
        </test-method> <!-- get_cap -->
        <test-method is-config="true" signature="teardown()[pri:0, instance:TS_004_FORGOT_ACCOUNT_DETAILS.TS_004_FAD_TC_001_RESET_NON_EXIXTING_ACCOUNT2@50caa560]" started-at="2024-05-16T12:25:54 IST" name="teardown" finished-at="2024-05-16T12:25:54 IST" duration-ms="17" status="PASS">
          <reporter-output>
          </reporter-output>
        </test-method> <!-- teardown -->
      </class> <!-- TS_004_FORGOT_ACCOUNT_DETAILS.TS_004_FAD_TC_001_RESET_NON_EXIXTING_ACCOUNT2 -->
    </test> <!-- Test -->
  </suite> <!-- Suite -->
</testng-results>
