<?xml version="1.0" encoding="UTF-8"?>
<testng-results ignored="0" total="2" passed="2" failed="0" skipped="0">
  <reporter-output>
    <line>
      <![CDATA[method namerf1]]>
    </line>
    <line>
      <![CDATA[method status1]]>
    </line>
    <line>
      <![CDATA[method namerf1]]>
    </line>
    <line>
      <![CDATA[method status1]]>
    </line>
  </reporter-output>
  <suite started-at="2024-05-15T07:55:08 IST" name="Suite" finished-at="2024-05-15T07:55:53 IST" duration-ms="44110">
    <groups>
    </groups>
    <test started-at="2024-05-15T07:55:08 IST" name="Test" finished-at="2024-05-15T07:55:53 IST" duration-ms="44110">
      <class name="TS_001_REGISTRATION_FUNCTIONALITY.TC_004_RF_PTOVIDE_INVALID_MOBILE_NO">
        <test-method is-config="true" signature="setup()[pri:0, instance:TS_001_REGISTRATION_FUNCTIONALITY.TC_004_RF_PTOVIDE_INVALID_MOBILE_NO@d21a74c]" started-at="2024-05-15T07:55:32 IST" name="setup" finished-at="2024-05-15T07:55:40 IST" duration-ms="8910" status="PASS">
          <reporter-output>
          </reporter-output>
        </test-method> <!-- setup -->
        <test-method signature="rf1()[pri:0, instance:TS_001_REGISTRATION_FUNCTIONALITY.TC_004_RF_PTOVIDE_INVALID_MOBILE_NO@d21a74c]" started-at="2024-05-15T07:55:40 IST" name="rf1" finished-at="2024-05-15T07:55:53 IST" duration-ms="12143" status="PASS">
          <reporter-output>
            <line>
              <![CDATA[method namerf1]]>
            </line>
            <line>
              <![CDATA[method status1]]>
            </line>
          </reporter-output>
        </test-method> <!-- rf1 -->
        <test-method is-config="true" signature="teardown()[pri:0, instance:TS_001_REGISTRATION_FUNCTIONALITY.TC_004_RF_PTOVIDE_INVALID_MOBILE_NO@d21a74c]" started-at="2024-05-15T07:55:53 IST" name="teardown" finished-at="2024-05-15T07:55:53 IST" duration-ms="0" status="PASS">
          <reporter-output>
          </reporter-output>
        </test-method> <!-- teardown -->
      </class> <!-- TS_001_REGISTRATION_FUNCTIONALITY.TC_004_RF_PTOVIDE_INVALID_MOBILE_NO -->
      <class name="TS_001_REGISTRATION_FUNCTIONALITY.TC_003_RF_exist_account">
        <test-method is-config="true" signature="setup()[pri:0, instance:TS_001_REGISTRATION_FUNCTIONALITY.TC_003_RF_exist_account@291caca8]" started-at="2024-05-15T07:55:08 IST" name="setup" finished-at="2024-05-15T07:55:16 IST" duration-ms="7564" status="PASS">
          <reporter-output>
          </reporter-output>
        </test-method> <!-- setup -->
        <test-method signature="rf1()[pri:0, instance:TS_001_REGISTRATION_FUNCTIONALITY.TC_003_RF_exist_account@291caca8]" started-at="2024-05-15T07:55:16 IST" name="rf1" finished-at="2024-05-15T07:55:32 IST" duration-ms="15460" status="PASS">
          <reporter-output>
            <line>
              <![CDATA[method namerf1]]>
            </line>
            <line>
              <![CDATA[method status1]]>
            </line>
          </reporter-output>
        </test-method> <!-- rf1 -->
        <test-method is-config="true" signature="teardown()[pri:0, instance:TS_001_REGISTRATION_FUNCTIONALITY.TC_003_RF_exist_account@291caca8]" started-at="2024-05-15T07:55:32 IST" name="teardown" finished-at="2024-05-15T07:55:32 IST" duration-ms="0" status="PASS">
          <reporter-output>
          </reporter-output>
        </test-method> <!-- teardown -->
      </class> <!-- TS_001_REGISTRATION_FUNCTIONALITY.TC_003_RF_exist_account -->
    </test> <!-- Test -->
  </suite> <!-- Suite -->
</testng-results>
