<?xml version="1.0" encoding="UTF-8"?>
<!-- Generated by org.testng.reporters.JUnitXMLReporter -->
<testsuite ignored="0" hostname="DELL" failures="1" tests="1" name="Test" time="26.714" errors="0" timestamp="2024-05-15T08:13:14 IST">
  <testcase classname="TS_001_REGISTRATION_FUNCTIONALITY.TC_006_RF_VALID_mandatory_red_start_symbol" name="rf1" time="12.533">
    <failure type="java.lang.AssertionError" message="expected [true] but found [false]">
      <![CDATA[java.lang.AssertionError: expected [true] but found [false]
at TS_001_REGISTRATION_FUNCTIONALITY.TC_006_RF_VALID_mandatory_red_start_symbol.rf1(TC_006_RF_VALID_mandatory_red_start_symbol.java:201)
at java.base/java.util.ArrayList.forEach(ArrayList.java:1596)
... Removed 29 stack frames]]>
    </failure>
  </testcase> <!-- rf1 -->
</testsuite> <!-- Test -->
