<?xml version="1.0" encoding="UTF-8"?>
<!-- Generated by org.testng.reporters.JUnitXMLReporter -->
<testsuite ignored="1" hostname="DELL" failures="0" tests="1" name="Default test" time="15.402" errors="0" timestamp="2024-05-16T09:41:22 IST">
  <testcase classname="TS_004_FORGOT_ACCOUNT_DETAILS.TS_004_FAD_TC_004_validate_url_title" name="url_title_forgot_account_details" time="6.481"/>
  <testcase classname="TS_004_FORGOT_ACCOUNT_DETAILS.TS_004_FAD_TC_010_RESET_EXIXTING_ACCOUNT" name="get_cap" time="0.0">
    <ignored/>
  </testcase> <!-- get_cap -->
</testsuite> <!-- Default test -->
