<?xml version="1.0" encoding="UTF-8"?>
<!-- Generated by org.testng.reporters.JUnitXMLReporter -->
<testsuite ignored="1" hostname="DELL" failures="0" tests="1" name="Default test" time="31.638" errors="0" timestamp="2024-05-15T09:20:32 IST">
  <testcase classname="TS_001_REGISTRATION_FUNCTIONALITY.TC_008_RF_title_url" name="validate_title_url" time="23.137"/>
  <testcase classname="TS_001_REGISTRATION_FUNCTIONALITY.TC_001_RF_VALID_MANDATORY_FIELD" name="registration1" time="0.0">
    <ignored/>
  </testcase> <!-- registration1 -->
</testsuite> <!-- Default test -->
