<?xml version="1.0" encoding="UTF-8"?>
<!-- Generated by org.testng.reporters.JUnitXMLReporter -->
<testsuite ignored="0" hostname="DELL" failures="0" tests="7" name="Test" time="75.973" errors="0" timestamp="2024-05-15T16:55:25 IST">
  <testcase classname="TS_002_LF_VALID_MANDATORY_FIELD.TC_001_LF_VALID_MANDATORY_FIELD" name="get_cap" time="5.456"/>
  <testcase classname="TS_002_LF_VALID_MANDATORY_FIELD.TC_007_LF_validate_BACK_AFTER_LOGIN" name="LOGIN_FIELDS" time="5.153"/>
  <testcase classname="TS_002_LF_VALID_MANDATORY_FIELD.TC_010_LF_login_page_ui" name="LOGIN_FIELDS" time="0.25"/>
  <testcase classname="TS_002_LF_VALID_MANDATORY_FIELD.TC_011_LF_login_page_supported_env" name="LOGIN_FIELDS" time="1.117"/>
  <testcase classname="TS_002_LF_VALID_MANDATORY_FIELD.TC_006_LF_validate_PLACEHOLDER" name="LOGIN_FIELDS" time="0.547"/>
  <testcase classname="TS_002_LF_VALID_MANDATORY_FIELD.TC_008_LF_password_toggle_hide" name="LOGIN_FIELDS" time="0.905"/>
  <testcase classname="TS_002_LF_VALID_MANDATORY_FIELD.TC_009_LF_login_page_url_title" name="LOGIN_FIELDS" time="1.272"/>
</testsuite> <!-- Test -->
