<?xml version="1.0" encoding="UTF-8"?>
<testng-results ignored="1" total="2" passed="1" failed="0" skipped="0">
  <reporter-output>
  </reporter-output>
  <suite started-at="2024-05-15T09:20:01 IST" name="Default suite" finished-at="2024-05-15T09:20:32 IST" duration-ms="31638">
    <groups>
    </groups>
    <test started-at="2024-05-15T09:20:01 IST" name="Default test" finished-at="2024-05-15T09:20:32 IST" duration-ms="31638">
      <class name="TS_001_REGISTRATION_FUNCTIONALITY.TC_008_RF_title_url">
        <test-method is-config="true" signature="setup()[pri:0, instance:TS_001_REGISTRATION_FUNCTIONALITY.TC_008_RF_title_url@c8c12ac]" started-at="2024-05-15T09:20:01 IST" name="setup" finished-at="2024-05-15T09:20:09 IST" duration-ms="8461" status="PASS">
          <reporter-output>
          </reporter-output>
        </test-method> <!-- setup -->
        <test-method signature="validate_title_url()[pri:0, instance:TS_001_REGISTRATION_FUNCTIONALITY.TC_008_RF_title_url@c8c12ac]" started-at="2024-05-15T09:20:09 IST" name="validate_title_url" finished-at="2024-05-15T09:20:32 IST" duration-ms="23137" status="PASS">
          <reporter-output>
          </reporter-output>
        </test-method> <!-- validate_title_url -->
        <test-method is-config="true" signature="teardown()[pri:0, instance:TS_001_REGISTRATION_FUNCTIONALITY.TC_008_RF_title_url@c8c12ac]" started-at="2024-05-15T09:20:32 IST" name="teardown" finished-at="2024-05-15T09:20:32 IST" duration-ms="0" status="PASS">
          <reporter-output>
          </reporter-output>
        </test-method> <!-- teardown -->
      </class> <!-- TS_001_REGISTRATION_FUNCTIONALITY.TC_008_RF_title_url -->
    </test> <!-- Default test -->
  </suite> <!-- Default suite -->
</testng-results>
