<?xml version="1.0" encoding="UTF-8"?>
<!-- Generated by org.testng.reporters.JUnitXMLReporter -->
<testsuite ignored="0" hostname="DELL" failures="0" tests="13" name="Test" time="345.078" errors="0" timestamp="2024-05-16T12:25:59 IST">
  <testcase classname="TS_004_FORGOT_ACCOUNT_DETAILS.TS_004_FAD_TC_010_RESET_EXIXTING_ACCOUNT" name="reset_password_page" time="0.021"/>
  <testcase classname="TS_004_FORGOT_ACCOUNT_DETAILS.TS_004_FAD_TC_009validate_supported_environment" name="url_title_forgot_account_details" time="0.008"/>
  <testcase classname="TS_004_FORGOT_ACCOUNT_DETAILS.TS_004_FAD_TC_010_RESET_EXIXTING_ACCOUNT" name="reset_password_page" time="0.0"/>
  <testcase classname="TS_004_FORGOT_ACCOUNT_DETAILS.TS_004_FAD_TC_005validate_ui" name="url_title_forgot_account_details" time="0.005"/>
  <testcase classname="TS_004_FORGOT_ACCOUNT_DETAILS.TS_004_FAD_TC_010_RESET_EXIXTING_ACCOUNT" name="reset_password_page" time="0.015"/>
  <testcase classname="TS_004_FORGOT_ACCOUNT_DETAILS.TS_004_FAD_TC_007validate_back_button" name="url_title_forgot_account_details" time="0.0"/>
  <testcase classname="TS_004_FORGOT_ACCOUNT_DETAILS.TS_004_FAD_TC_010_RESET_EXIXTING_ACCOUNT" name="reset_password_page" time="0.008"/>
  <testcase classname="TS_004_FORGOT_ACCOUNT_DETAILS.TS_004_FAD_TC_004_validate_url_title" name="url_title_forgot_account_details" time="0.007"/>
  <testcase classname="TS_004_FORGOT_ACCOUNT_DETAILS.TS_004_FAD_TC_010_RESET_EXIXTING_ACCOUNT" name="reset_password_page" time="0.017"/>
  <testcase classname="TS_004_FORGOT_ACCOUNT_DETAILS.TS_004_FAD_TC_010_RESET_EXIXTING_ACCOUNT" name="reset_password_page" time="0.001"/>
  <testcase classname="TS_004_FORGOT_ACCOUNT_DETAILS.TS_004_FAD_TC_002_NEW_PASSWORD_PLACEHOLDER" name="PLACE_HOLDER_forgot_account_details" time="0.785"/>
  <testcase classname="TS_004_FORGOT_ACCOUNT_DETAILS.TS_004_FAD_TC_010_RESET_EXIXTING_ACCOUNT" name="reset_password_page" time="1.68"/>
  <testcase classname="TS_004_FORGOT_ACCOUNT_DETAILS.TS_004_FAD_TC_001_RESET_NON_EXIXTING_ACCOUNT2" name="get_cap" time="1.206"/>
</testsuite> <!-- Test -->
