<?xml version="1.0" encoding="UTF-8"?>
<testng-results ignored="0" total="1" passed="1" failed="0" skipped="0">
  <reporter-output>
    <line>
      <![CDATA[method namerf1]]>
    </line>
    <line>
      <![CDATA[method status1]]>
    </line>
  </reporter-output>
  <suite started-at="2024-05-15T08:43:59 IST" name="Suite" finished-at="2024-05-15T08:44:24 IST" duration-ms="24733">
    <groups>
    </groups>
    <test started-at="2024-05-15T08:43:59 IST" name="Test" finished-at="2024-05-15T08:44:24 IST" duration-ms="24733">
      <class name="TS_001_REGISTRATION_FUNCTIONALITY.TC_007_RF_password_complixity">
        <test-method is-config="true" signature="setup()[pri:0, instance:TS_001_REGISTRATION_FUNCTIONALITY.TC_007_RF_password_complixity@399c4be1]" started-at="2024-05-15T08:43:59 IST" name="setup" finished-at="2024-05-15T08:44:10 IST" duration-ms="11126" status="PASS">
          <reporter-output>
          </reporter-output>
        </test-method> <!-- setup -->
        <test-method signature="rf1()[pri:0, instance:TS_001_REGISTRATION_FUNCTIONALITY.TC_007_RF_password_complixity@399c4be1]" started-at="2024-05-15T08:44:10 IST" name="rf1" finished-at="2024-05-15T08:44:24 IST" duration-ms="13570" status="PASS">
          <reporter-output>
            <line>
              <![CDATA[method namerf1]]>
            </line>
            <line>
              <![CDATA[method status1]]>
            </line>
          </reporter-output>
        </test-method> <!-- rf1 -->
        <test-method is-config="true" signature="teardown()[pri:0, instance:TS_001_REGISTRATION_FUNCTIONALITY.TC_007_RF_password_complixity@399c4be1]" started-at="2024-05-15T08:44:24 IST" name="teardown" finished-at="2024-05-15T08:44:24 IST" duration-ms="0" status="PASS">
          <reporter-output>
          </reporter-output>
        </test-method> <!-- teardown -->
      </class> <!-- TS_001_REGISTRATION_FUNCTIONALITY.TC_007_RF_password_complixity -->
    </test> <!-- Test -->
  </suite> <!-- Suite -->
</testng-results>
