<?xml version="1.0" encoding="UTF-8"?>
<!-- Generated by org.testng.reporters.JUnitXMLReporter -->
<testsuite ignored="1" hostname="DELL" failures="0" tests="1" name="Default test" time="12.26" errors="0" timestamp="2024-05-15T10:28:45 IST">
  <testcase classname="TS_002_LF_VALID_MANDATORY_FIELD.TC_001_LF_VALID_MANDATORY_FIELD" name="get_cap" time="5.062"/>
  <testcase classname="TS_002_LF_VALID_MANDATORY_FIELD.TC_001_LF_VALID_MANDATORY_FIELD" name="LOGIN_FIELDS" time="0.0">
    <ignored/>
  </testcase> <!-- LOGIN_FIELDS -->
</testsuite> <!-- Default test -->
